Copyright 1986-2022 Xilinx, Inc. All Rights Reserved. Copyright 2022-2025 Advanced Micro Devices, Inc. All Rights Reserved.
---------------------------------------------------------------------------------------------------------------------------------------------
| Tool Version : Vivado v.2025.1 (win64) Build 6140274 Thu May 22 00:12:29 MDT 2025
| Date         : Tue Dec 23 10:32:19 2025
| Host         : Rickarya running 64-bit major release  (build 9200)
| Command      : report_drc -file bitserial_nn_drc_opted.rpt -pb bitserial_nn_drc_opted.pb -rpx bitserial_nn_drc_opted.rpx
| Design       : bitserial_nn
| Device       : xcau25p-sfvb784-1LV-i
| Speed File   : -1LV
| Design State : Synthesized
---------------------------------------------------------------------------------------------------------------------------------------------

Report DRC

Table of Contents
-----------------
1. REPORT SUMMARY
2. REPORT DETAILS

1. REPORT SUMMARY
-----------------
            Netlist: netlist
          Floorplan: design_1
      Design limits: <entire design considered>
           Ruledeck: default
             Max checks: <unlimited>
             Checks found: 2
+--------+------------------+----------------------------+--------+
| Rule   | Severity         | Description                | Checks |
+--------+------------------+----------------------------+--------+
| NSTD-1 | Critical Warning | Unspecified I/O Standard   | 1      |
| UCIO-1 | Critical Warning | Unconstrained Logical Port | 1      |
+--------+------------------+----------------------------+--------+

2. REPORT DETAILS
-----------------
NSTD-1#1 Critical Warning
Unspecified I/O Standard  
91 out of 91 logical ports use I/O standard (IOSTANDARD) value 'DEFAULT', instead of a user assigned specific value. This may cause I/O contention or incompatibility with the board power or connectivity affecting performance, signal integrity or in extreme cases cause damage to the device or the components to which it is connected. To correct this violation, specify all I/O standards. This design will fail to generate a bitstream unless all logical ports have a user specified I/O standard value defined. To allow bitstream creation with unspecified I/O standard values (not recommended), use this command: set_property SEVERITY {Warning} [get_drc_checks NSTD-1].  NOTE: When using the Vivado Runs infrastructure (e.g. launch_runs Tcl command), add this command to a .tcl file and add that file as a pre-hook for write_bitstream step for the implementation run. Problem ports: busy, clk, data_in[15:0], data_in_valid, out_data[38:0], out_valid, rst_n,
start, w_addr_h[5:0], w_addr_i[6:0], w_data[15:0], w_wr_en.
Related violations: <none>

UCIO-1#1 Critical Warning
Unconstrained Logical Port  
91 out of 91 logical ports have no user assigned specific location constraint (LOC). This may cause I/O contention or incompatibility with the board power or connectivity affecting performance, signal integrity or in extreme cases cause damage to the device or the components to which it is connected. To correct this violation, specify all pin locations. This design will fail to generate a bitstream unless all logical ports have a user specified site LOC constraint defined.  To allow bitstream creation with unspecified pin locations (not recommended), use this command: set_property SEVERITY {Warning} [get_drc_checks UCIO-1].  NOTE: When using the Vivado Runs infrastructure (e.g. launch_runs Tcl command), add this command to a .tcl file and add that file as a pre-hook for write_bitstream step for the implementation run.  Problem ports: busy, clk, data_in[15:0], data_in_valid, out_data[38:0], out_valid, rst_n,
start, w_addr_h[5:0], w_addr_i[6:0], w_data[15:0], w_wr_en.
Related violations: <none>


