Copyright 1986-2022 Xilinx, Inc. All Rights Reserved. Copyright 2022-2025 Advanced Micro Devices, Inc. All Rights Reserved.
---------------------------------------------------------------------------------------------------------------------------------------------
| Tool Version : Vivado v.2025.1 (win64) Build 6140274 Thu May 22 00:12:29 MDT 2025
| Date         : Mon Dec 29 12:47:44 2025
| Host         : Rickarya running 64-bit major release  (build 9200)
| Command      : report_utilization -file bitserial_nn_utilization_placed.rpt -pb bitserial_nn_utilization_placed.pb
| Design       : bitserial_nn
| Device       : xcau7p-fcva289-1LV-i
| Speed File   : -1LV
| Design State : Fully Placed
---------------------------------------------------------------------------------------------------------------------------------------------

Utilization Design Information

Table of Contents
-----------------
1. CLB Logic
1.1 Summary of Registers by Type
2. CLB Logic Distribution
3. BLOCKRAM
4. ARITHMETIC
5. I/O
6. CLOCK
7. ADVANCED
8. CONFIGURATION
9. Primitives
10. Black Boxes
11. Instantiated Netlists

1. CLB Logic
------------

+-------------------------+------+-------+------------+-----------+-------+
|        Site Type        | Used | Fixed | Prohibited | Available | Util% |
+-------------------------+------+-------+------------+-----------+-------+
| CLB LUTs                | 9391 |     0 |          0 |     37440 | 25.08 |
|   LUT as Logic          | 9391 |     0 |          0 |     37440 | 25.08 |
|   LUT as Memory         |    0 |     0 |          0 |     17280 |  0.00 |
| CLB Registers           | 9805 |     0 |          0 |     74880 | 13.09 |
|   Register as Flip Flop | 9805 |     0 |          0 |     74880 | 13.09 |
|   Register as Latch     |    0 |     0 |          0 |     74880 |  0.00 |
| CARRY8                  |   42 |     0 |          0 |      4680 |  0.90 |
| F7 Muxes                | 2470 |     0 |          0 |     18720 | 13.19 |
| F8 Muxes                |  915 |     0 |          0 |      9360 |  9.78 |
| F9 Muxes                |    0 |     0 |          0 |      4680 |  0.00 |
+-------------------------+------+-------+------------+-----------+-------+
* Warning! LUT value is adjusted to account for LUT combining.


1.1 Summary of Registers by Type
--------------------------------

+-------+--------------+-------------+--------------+
| Total | Clock Enable | Synchronous | Asynchronous |
+-------+--------------+-------------+--------------+
| 0     |            _ |           - |            - |
| 0     |            _ |           - |          Set |
| 0     |            _ |           - |        Reset |
| 0     |            _ |         Set |            - |
| 0     |            _ |       Reset |            - |
| 0     |          Yes |           - |            - |
| 0     |          Yes |           - |          Set |
| 0     |          Yes |           - |        Reset |
| 1     |          Yes |         Set |            - |
| 9804  |          Yes |       Reset |            - |
+-------+--------------+-------------+--------------+


2. CLB Logic Distribution
-------------------------

+--------------------------------------------+------+-------+------------+-----------+-------+
|                  Site Type                 | Used | Fixed | Prohibited | Available | Util% |
+--------------------------------------------+------+-------+------------+-----------+-------+
| CLB                                        | 2137 |     0 |          0 |      4680 | 45.66 |
|   CLBL                                     | 1130 |     0 |            |           |       |
|   CLBM                                     | 1007 |     0 |            |           |       |
| LUT as Logic                               | 9391 |     0 |          0 |     37440 | 25.08 |
|   using O5 output only                     |   35 |       |            |           |       |
|   using O6 output only                     | 8290 |       |            |           |       |
|   using O5 and O6                          | 1066 |       |            |           |       |
| LUT as Memory                              |    0 |     0 |          0 |     17280 |  0.00 |
|   LUT as Distributed RAM                   |    0 |     0 |            |           |       |
|     using O5 output only                   |    0 |       |            |           |       |
|     using O6 output only                   |    0 |       |            |           |       |
|     using O5 and O6                        |    0 |       |            |           |       |
|   LUT as Shift Register                    |    0 |     0 |            |           |       |
|     using O5 output only                   |    0 |       |            |           |       |
|     using O6 output only                   |    0 |       |            |           |       |
|     using O5 and O6                        |    0 |       |            |           |       |
| CLB Registers                              | 9805 |     0 |          0 |     74880 | 13.09 |
|   Register driven from within the CLB      | 4293 |       |            |           |       |
|   Register driven from outside the CLB     | 5512 |       |            |           |       |
|     LUT in front of the register is unused | 3207 |       |            |           |       |
|     LUT in front of the register is used   | 2305 |       |            |           |       |
| Unique Control Sets                        |  319 |       |          0 |      9360 |  3.41 |
+--------------------------------------------+------+-------+------------+-----------+-------+
* * Note: Available Control Sets calculated as Slices * 2, Review the Control Sets Report for more information regarding control sets.


3. BLOCKRAM
-----------

+-------------------+------+-------+------------+-----------+-------+
|     Site Type     | Used | Fixed | Prohibited | Available | Util% |
+-------------------+------+-------+------------+-----------+-------+
| Block RAM Tile    |   15 |     0 |          0 |       108 | 13.89 |
|   RAMB36/FIFO*    |   15 |     0 |          0 |       108 | 13.89 |
|     RAMB36E2 only |   15 |       |            |           |       |
|   RAMB18          |    0 |     0 |          0 |       216 |  0.00 |
+-------------------+------+-------+------------+-----------+-------+
* Note: Each Block RAM Tile only has one FIFO logic available and therefore can accommodate only one FIFO36E2 or one FIFO18E2. However, if a FIFO18E2 occupies a Block RAM Tile, that tile can still accommodate a RAMB18E2


4. ARITHMETIC
-------------

+-----------+------+-------+------------+-----------+-------+
| Site Type | Used | Fixed | Prohibited | Available | Util% |
+-----------+------+-------+------------+-----------+-------+
| DSPs      |    0 |     0 |          0 |       216 |  0.00 |
+-----------+------+-------+------------+-----------+-------+


5. I/O
------

+------------------+------+-------+------------+-----------+-------+
|     Site Type    | Used | Fixed | Prohibited | Available | Util% |
+------------------+------+-------+------------+-----------+-------+
| Bonded IOB       |   97 |     0 |          0 |       130 | 74.62 |
|   HPIOB_M        |   20 |     0 |          0 |        26 | 76.92 |
|     INPUT        |    0 |       |            |           |       |
|     OUTPUT       |   20 |       |            |           |       |
|     BIDIR        |    0 |       |            |           |       |
|   HPIOB_S        |   20 |     0 |          0 |        26 | 76.92 |
|     INPUT        |    0 |       |            |           |       |
|     OUTPUT       |   20 |       |            |           |       |
|     BIDIR        |    0 |       |            |           |       |
|   HDIOB_M        |   29 |     0 |          0 |        36 | 80.56 |
|     INPUT        |   27 |       |            |           |       |
|     OUTPUT       |    2 |       |            |           |       |
|     BIDIR        |    0 |       |            |           |       |
|   HDIOB_S        |   28 |     0 |          0 |        36 | 77.78 |
|     INPUT        |   26 |       |            |           |       |
|     OUTPUT       |    2 |       |            |           |       |
|     BIDIR        |    0 |       |            |           |       |
|   HPIOB_SNGL     |    0 |     0 |          0 |         6 |  0.00 |
| HPIOBDIFFINBUF   |    0 |     0 |          0 |        48 |  0.00 |
| HPIOBDIFFOUTBUF  |    0 |     0 |          0 |        48 |  0.00 |
| HDIOBDIFFINBUF   |    0 |     0 |          0 |        72 |  0.00 |
| BITSLICE_CONTROL |    0 |     0 |          0 |        16 |  0.00 |
| BITSLICE_RX_TX   |    0 |     0 |          0 |       624 |  0.00 |
| BITSLICE_TX      |    0 |     0 |          0 |        16 |  0.00 |
| RIU_OR           |    0 |     0 |          0 |         8 |  0.00 |
+------------------+------+-------+------------+-----------+-------+


6. CLOCK
--------

+------------+------+-------+------------+-----------+-------+
|  Site Type | Used | Fixed | Prohibited | Available | Util% |
+------------+------+-------+------------+-----------+-------+
| BUFGCE     |    1 |     0 |          0 |        72 |  1.39 |
| BUFGCE_DIV |    0 |     0 |          0 |         8 |  0.00 |
| BUFG_GT    |    0 |     0 |          0 |        24 |  0.00 |
| BUFGCTRL*  |    0 |     0 |          0 |        16 |  0.00 |
| PLL        |    0 |     0 |          0 |         4 |  0.00 |
| MMCM       |    0 |     0 |          0 |         2 |  0.00 |
+------------+------+-------+------------+-----------+-------+
* Note: Each used BUFGCTRL counts as two GLOBAL CLOCK BUFFERs. This table does not include global clocking resources, only buffer cell usage. See the Clock Utilization Report (report_clock_utilization) for detailed accounting of global clocking resource availability.


7. ADVANCED
-----------

+-----------------+------+-------+------------+-----------+-------+
|    Site Type    | Used | Fixed | Prohibited | Available | Util% |
+-----------------+------+-------+------------+-----------+-------+
| GTHE4_CHANNEL   |    0 |     0 |          0 |         4 |  0.00 |
| GTHE4_COMMON    |    0 |     0 |          0 |         1 |  0.00 |
| OBUFDS_GTE4     |    0 |     0 |          0 |         2 |  0.00 |
| OBUFDS_GTE4_ADV |    0 |     0 |          0 |         2 |  0.00 |
| PCIE4CE4        |    0 |     0 |          0 |         1 |  0.00 |
| SYSMONE4        |    0 |     0 |          0 |         1 |  0.00 |
+-----------------+------+-------+------------+-----------+-------+


8. CONFIGURATION
----------------

+-------------+------+-------+------------+-----------+-------+
|  Site Type  | Used | Fixed | Prohibited | Available | Util% |
+-------------+------+-------+------------+-----------+-------+
| BSCANE2     |    0 |     0 |          0 |         4 |  0.00 |
| DNA_PORTE2  |    0 |     0 |          0 |         1 |  0.00 |
| EFUSE_USR   |    0 |     0 |          0 |         1 |  0.00 |
| FRAME_ECCE4 |    0 |     0 |          0 |         1 |  0.00 |
| ICAPE3      |    0 |     0 |          0 |         2 |  0.00 |
| MASTER_JTAG |    0 |     0 |          0 |         1 |  0.00 |
| STARTUPE3   |    0 |     0 |          0 |         1 |  0.00 |
+-------------+------+-------+------------+-----------+-------+


9. Primitives
-------------

+----------+------+---------------------+
| Ref Name | Used | Functional Category |
+----------+------+---------------------+
| FDRE     | 9804 |            Register |
| LUT6     | 5535 |                 CLB |
| LUT4     | 3924 |                 CLB |
| MUXF7    | 2470 |                 CLB |
| MUXF8    |  915 |                 CLB |
| LUT5     |  597 |                 CLB |
| LUT3     |  264 |                 CLB |
| LUT2     |  134 |                 CLB |
| INBUF    |   53 |                 I/O |
| IBUFCTRL |   53 |              Others |
| OBUF     |   44 |                 I/O |
| CARRY8   |   42 |                 CLB |
| RAMB36E2 |   15 |            BLOCKRAM |
| LUT1     |    3 |                 CLB |
| FDSE     |    1 |            Register |
| BUFGCE   |    1 |               Clock |
+----------+------+---------------------+


10. Black Boxes
---------------

+----------+------+
| Ref Name | Used |
+----------+------+


11. Instantiated Netlists
-------------------------

+----------+------+
| Ref Name | Used |
+----------+------+


